Checking whether the ASM compiler is GNU using "--version" did not match "(GNU assembler)|(GCC)|(Free Software Foundation)":
Apple clang version 14.0.3 (clang-1403.0.22.14.1)
Target: x86_64-apple-darwin22.1.0
Thread model: posix
InstalledDir: /Applications/Xcode.app/Contents/Developer/Toolchains/XcodeDefault.xctoolchain/usr/bin
Performing C++ SOURCE FILE Test HAVE_STD_THREAD failed with the following output:
Change Dir: /Users/cxw/Documents/Code/Work/PCTK/PCTK/cmake-build-debug/CMakeFiles/CMakeScratch/TryCompile-dXCOZY

Run Build Command(s):/Users/cxw/Library/Application Support/JetBrains/Toolbox/apps/CLion/ch-0/231.9011.31/CLion.app/Contents/bin/ninja/mac/ninja cmTC_59a60 && [1/2] Building CXX object CMakeFiles/cmTC_59a60.dir/src.cxx.o
FAILED: CMakeFiles/cmTC_59a60.dir/src.cxx.o 
/Applications/Xcode.app/Contents/Developer/Toolchains/XcodeDefault.xctoolchain/usr/bin/c++ -DHAVE_STD_THREAD  -isysroot /Applications/Xcode.app/Contents/Developer/Platforms/MacOSX.platform/Developer/SDKs/MacOSX13.3.sdk -mmacosx-version-min=13.0 -fPIE -fcolor-diagnostics -MD -MT CMakeFiles/cmTC_59a60.dir/src.cxx.o -MF CMakeFiles/cmTC_59a60.dir/src.cxx.o.d -o CMakeFiles/cmTC_59a60.dir/src.cxx.o -c /Users/cxw/Documents/Code/Work/PCTK/PCTK/cmake-build-debug/CMakeFiles/CMakeScratch/TryCompile-dXCOZY/src.cxx
/Users/cxw/Documents/Code/Work/PCTK/PCTK/cmake-build-debug/CMakeFiles/CMakeScratch/TryCompile-dXCOZY/src.cxx:1:11: fatal error: 'threads.h' file not found
 #include <threads.h>
          ^~~~~~~~~~~
1 error generated.
ninja: build stopped: subcommand failed.


Source file was:
 #include <threads.h>
         #if defined(__STDC_NO_THREADS__) || __STDC_NO_THREADS__
         #   error "no stdc threads"
         #endif
         int main(void)
         {
         cnd_t cond;
         mtx_t mutex;
         tss_t key;
         thrd_t thread;
         return 0;
         }

Determining size of char8_t failed with the following output:
Change Dir: /Users/cxw/Documents/Code/Work/PCTK/PCTK/cmake-build-debug/CMakeFiles/CMakeScratch/TryCompile-tHSm1A

Run Build Command(s):/Users/cxw/Library/Application Support/JetBrains/Toolbox/apps/CLion/ch-0/231.9011.31/CLion.app/Contents/bin/ninja/mac/ninja cmTC_245f1 && [1/2] Building C object CMakeFiles/cmTC_245f1.dir/CHAR8_T.c.o
FAILED: CMakeFiles/cmTC_245f1.dir/CHAR8_T.c.o 
/Applications/Xcode.app/Contents/Developer/Toolchains/XcodeDefault.xctoolchain/usr/bin/cc   -isysroot /Applications/Xcode.app/Contents/Developer/Platforms/MacOSX.platform/Developer/SDKs/MacOSX13.3.sdk -mmacosx-version-min=13.0 -fPIE -fcolor-diagnostics -MD -MT CMakeFiles/cmTC_245f1.dir/CHAR8_T.c.o -MF CMakeFiles/cmTC_245f1.dir/CHAR8_T.c.o.d -o CMakeFiles/cmTC_245f1.dir/CHAR8_T.c.o -c /Users/cxw/Documents/Code/Work/PCTK/PCTK/cmake-build-debug/CMakeFiles/CMakeScratch/TryCompile-tHSm1A/CHAR8_T.c
/Users/cxw/Documents/Code/Work/PCTK/PCTK/cmake-build-debug/CMakeFiles/CMakeScratch/TryCompile-tHSm1A/CHAR8_T.c:29:12: error: use of undeclared identifier 'char8_t'
  ('0' + ((SIZE / 10000)%10)),
           ^
/Users/cxw/Documents/Code/Work/PCTK/PCTK/cmake-build-debug/CMakeFiles/CMakeScratch/TryCompile-tHSm1A/CHAR8_T.c:27:22: note: expanded from macro 'SIZE'
#define SIZE (sizeof(char8_t))
                     ^
/Users/cxw/Documents/Code/Work/PCTK/PCTK/cmake-build-debug/CMakeFiles/CMakeScratch/TryCompile-tHSm1A/CHAR8_T.c:30:12: error: use of undeclared identifier 'char8_t'
  ('0' + ((SIZE / 1000)%10)),
           ^
/Users/cxw/Documents/Code/Work/PCTK/PCTK/cmake-build-debug/CMakeFiles/CMakeScratch/TryCompile-tHSm1A/CHAR8_T.c:27:22: note: expanded from macro 'SIZE'
#define SIZE (sizeof(char8_t))
                     ^
/Users/cxw/Documents/Code/Work/PCTK/PCTK/cmake-build-debug/CMakeFiles/CMakeScratch/TryCompile-tHSm1A/CHAR8_T.c:31:12: error: use of undeclared identifier 'char8_t'
  ('0' + ((SIZE / 100)%10)),
           ^
/Users/cxw/Documents/Code/Work/PCTK/PCTK/cmake-build-debug/CMakeFiles/CMakeScratch/TryCompile-tHSm1A/CHAR8_T.c:27:22: note: expanded from macro 'SIZE'
#define SIZE (sizeof(char8_t))
                     ^
/Users/cxw/Documents/Code/Work/PCTK/PCTK/cmake-build-debug/CMakeFiles/CMakeScratch/TryCompile-tHSm1A/CHAR8_T.c:32:12: error: use of undeclared identifier 'char8_t'
  ('0' + ((SIZE / 10)%10)),
           ^
/Users/cxw/Documents/Code/Work/PCTK/PCTK/cmake-build-debug/CMakeFiles/CMakeScratch/TryCompile-tHSm1A/CHAR8_T.c:27:22: note: expanded from macro 'SIZE'
#define SIZE (sizeof(char8_t))
                     ^
/Users/cxw/Documents/Code/Work/PCTK/PCTK/cmake-build-debug/CMakeFiles/CMakeScratch/TryCompile-tHSm1A/CHAR8_T.c:33:12: error: use of undeclared identifier 'char8_t'
  ('0' +  (SIZE    % 10)),
           ^
/Users/cxw/Documents/Code/Work/PCTK/PCTK/cmake-build-debug/CMakeFiles/CMakeScratch/TryCompile-tHSm1A/CHAR8_T.c:27:22: note: expanded from macro 'SIZE'
#define SIZE (sizeof(char8_t))
                     ^
5 errors generated.
ninja: build stopped: subcommand failed.


CHAR8_T.c:
#include <sys/types.h>
#include <stdint.h>
#include <stddef.h>


#undef KEY
#if defined(__i386)
# define KEY '_','_','i','3','8','6'
#elif defined(__x86_64)
# define KEY '_','_','x','8','6','_','6','4'
#elif defined(__PPC64__)
# define KEY '_','_','P','P','C','6','4','_','_'
#elif defined(__ppc64__)
# define KEY '_','_','p','p','c','6','4','_','_'
#elif defined(__PPC__)
# define KEY '_','_','P','P','C','_','_'
#elif defined(__ppc__)
# define KEY '_','_','p','p','c','_','_'
#elif defined(__aarch64__)
# define KEY '_','_','a','a','r','c','h','6','4','_','_'
#elif defined(__ARM_ARCH_7A__)
# define KEY '_','_','A','R','M','_','A','R','C','H','_','7','A','_','_'
#elif defined(__ARM_ARCH_7S__)
# define KEY '_','_','A','R','M','_','A','R','C','H','_','7','S','_','_'
#endif

#define SIZE (sizeof(char8_t))
static char info_size[] =  {'I', 'N', 'F', 'O', ':', 's','i','z','e','[',
  ('0' + ((SIZE / 10000)%10)),
  ('0' + ((SIZE / 1000)%10)),
  ('0' + ((SIZE / 100)%10)),
  ('0' + ((SIZE / 10)%10)),
  ('0' +  (SIZE    % 10)),
  ']',
#ifdef KEY
  ' ','k','e','y','[', KEY, ']',
#endif
  '\0'};

#ifdef __CLASSIC_C__
int main(argc, argv) int argc; char *argv[];
#else
int main(int argc, char *argv[])
#endif
{
  int require = 0;
  require += info_size[argc];
  (void)argv;
  return require;
}


Determining size of char16_t failed with the following output:
Change Dir: /Users/cxw/Documents/Code/Work/PCTK/PCTK/cmake-build-debug/CMakeFiles/CMakeScratch/TryCompile-zytXmD

Run Build Command(s):/Users/cxw/Library/Application Support/JetBrains/Toolbox/apps/CLion/ch-0/231.9011.31/CLion.app/Contents/bin/ninja/mac/ninja cmTC_76a39 && [1/2] Building C object CMakeFiles/cmTC_76a39.dir/CHAR16_T.c.o
FAILED: CMakeFiles/cmTC_76a39.dir/CHAR16_T.c.o 
/Applications/Xcode.app/Contents/Developer/Toolchains/XcodeDefault.xctoolchain/usr/bin/cc   -isysroot /Applications/Xcode.app/Contents/Developer/Platforms/MacOSX.platform/Developer/SDKs/MacOSX13.3.sdk -mmacosx-version-min=13.0 -fPIE -fcolor-diagnostics -MD -MT CMakeFiles/cmTC_76a39.dir/CHAR16_T.c.o -MF CMakeFiles/cmTC_76a39.dir/CHAR16_T.c.o.d -o CMakeFiles/cmTC_76a39.dir/CHAR16_T.c.o -c /Users/cxw/Documents/Code/Work/PCTK/PCTK/cmake-build-debug/CMakeFiles/CMakeScratch/TryCompile-zytXmD/CHAR16_T.c
/Users/cxw/Documents/Code/Work/PCTK/PCTK/cmake-build-debug/CMakeFiles/CMakeScratch/TryCompile-zytXmD/CHAR16_T.c:29:12: error: use of undeclared identifier 'char16_t'
  ('0' + ((SIZE / 10000)%10)),
           ^
/Users/cxw/Documents/Code/Work/PCTK/PCTK/cmake-build-debug/CMakeFiles/CMakeScratch/TryCompile-zytXmD/CHAR16_T.c:27:22: note: expanded from macro 'SIZE'
#define SIZE (sizeof(char16_t))
                     ^
/Users/cxw/Documents/Code/Work/PCTK/PCTK/cmake-build-debug/CMakeFiles/CMakeScratch/TryCompile-zytXmD/CHAR16_T.c:30:12: error: use of undeclared identifier 'char16_t'
  ('0' + ((SIZE / 1000)%10)),
           ^
/Users/cxw/Documents/Code/Work/PCTK/PCTK/cmake-build-debug/CMakeFiles/CMakeScratch/TryCompile-zytXmD/CHAR16_T.c:27:22: note: expanded from macro 'SIZE'
#define SIZE (sizeof(char16_t))
                     ^
/Users/cxw/Documents/Code/Work/PCTK/PCTK/cmake-build-debug/CMakeFiles/CMakeScratch/TryCompile-zytXmD/CHAR16_T.c:31:12: error: use of undeclared identifier 'char16_t'
  ('0' + ((SIZE / 100)%10)),
           ^
/Users/cxw/Documents/Code/Work/PCTK/PCTK/cmake-build-debug/CMakeFiles/CMakeScratch/TryCompile-zytXmD/CHAR16_T.c:27:22: note: expanded from macro 'SIZE'
#define SIZE (sizeof(char16_t))
                     ^
/Users/cxw/Documents/Code/Work/PCTK/PCTK/cmake-build-debug/CMakeFiles/CMakeScratch/TryCompile-zytXmD/CHAR16_T.c:32:12: error: use of undeclared identifier 'char16_t'
  ('0' + ((SIZE / 10)%10)),
           ^
/Users/cxw/Documents/Code/Work/PCTK/PCTK/cmake-build-debug/CMakeFiles/CMakeScratch/TryCompile-zytXmD/CHAR16_T.c:27:22: note: expanded from macro 'SIZE'
#define SIZE (sizeof(char16_t))
                     ^
/Users/cxw/Documents/Code/Work/PCTK/PCTK/cmake-build-debug/CMakeFiles/CMakeScratch/TryCompile-zytXmD/CHAR16_T.c:33:12: error: use of undeclared identifier 'char16_t'
  ('0' +  (SIZE    % 10)),
           ^
/Users/cxw/Documents/Code/Work/PCTK/PCTK/cmake-build-debug/CMakeFiles/CMakeScratch/TryCompile-zytXmD/CHAR16_T.c:27:22: note: expanded from macro 'SIZE'
#define SIZE (sizeof(char16_t))
                     ^
5 errors generated.
ninja: build stopped: subcommand failed.


CHAR16_T.c:
#include <sys/types.h>
#include <stdint.h>
#include <stddef.h>


#undef KEY
#if defined(__i386)
# define KEY '_','_','i','3','8','6'
#elif defined(__x86_64)
# define KEY '_','_','x','8','6','_','6','4'
#elif defined(__PPC64__)
# define KEY '_','_','P','P','C','6','4','_','_'
#elif defined(__ppc64__)
# define KEY '_','_','p','p','c','6','4','_','_'
#elif defined(__PPC__)
# define KEY '_','_','P','P','C','_','_'
#elif defined(__ppc__)
# define KEY '_','_','p','p','c','_','_'
#elif defined(__aarch64__)
# define KEY '_','_','a','a','r','c','h','6','4','_','_'
#elif defined(__ARM_ARCH_7A__)
# define KEY '_','_','A','R','M','_','A','R','C','H','_','7','A','_','_'
#elif defined(__ARM_ARCH_7S__)
# define KEY '_','_','A','R','M','_','A','R','C','H','_','7','S','_','_'
#endif

#define SIZE (sizeof(char16_t))
static char info_size[] =  {'I', 'N', 'F', 'O', ':', 's','i','z','e','[',
  ('0' + ((SIZE / 10000)%10)),
  ('0' + ((SIZE / 1000)%10)),
  ('0' + ((SIZE / 100)%10)),
  ('0' + ((SIZE / 10)%10)),
  ('0' +  (SIZE    % 10)),
  ']',
#ifdef KEY
  ' ','k','e','y','[', KEY, ']',
#endif
  '\0'};

#ifdef __CLASSIC_C__
int main(argc, argv) int argc; char *argv[];
#else
int main(int argc, char *argv[])
#endif
{
  int require = 0;
  require += info_size[argc];
  (void)argv;
  return require;
}


Determining size of char32_t failed with the following output:
Change Dir: /Users/cxw/Documents/Code/Work/PCTK/PCTK/cmake-build-debug/CMakeFiles/CMakeScratch/TryCompile-IJeXOE

Run Build Command(s):/Users/cxw/Library/Application Support/JetBrains/Toolbox/apps/CLion/ch-0/231.9011.31/CLion.app/Contents/bin/ninja/mac/ninja cmTC_034d4 && [1/2] Building C object CMakeFiles/cmTC_034d4.dir/CHAR32_T.c.o
FAILED: CMakeFiles/cmTC_034d4.dir/CHAR32_T.c.o 
/Applications/Xcode.app/Contents/Developer/Toolchains/XcodeDefault.xctoolchain/usr/bin/cc   -isysroot /Applications/Xcode.app/Contents/Developer/Platforms/MacOSX.platform/Developer/SDKs/MacOSX13.3.sdk -mmacosx-version-min=13.0 -fPIE -fcolor-diagnostics -MD -MT CMakeFiles/cmTC_034d4.dir/CHAR32_T.c.o -MF CMakeFiles/cmTC_034d4.dir/CHAR32_T.c.o.d -o CMakeFiles/cmTC_034d4.dir/CHAR32_T.c.o -c /Users/cxw/Documents/Code/Work/PCTK/PCTK/cmake-build-debug/CMakeFiles/CMakeScratch/TryCompile-IJeXOE/CHAR32_T.c
/Users/cxw/Documents/Code/Work/PCTK/PCTK/cmake-build-debug/CMakeFiles/CMakeScratch/TryCompile-IJeXOE/CHAR32_T.c:29:12: error: use of undeclared identifier 'char32_t'
  ('0' + ((SIZE / 10000)%10)),
           ^
/Users/cxw/Documents/Code/Work/PCTK/PCTK/cmake-build-debug/CMakeFiles/CMakeScratch/TryCompile-IJeXOE/CHAR32_T.c:27:22: note: expanded from macro 'SIZE'
#define SIZE (sizeof(char32_t))
                     ^
/Users/cxw/Documents/Code/Work/PCTK/PCTK/cmake-build-debug/CMakeFiles/CMakeScratch/TryCompile-IJeXOE/CHAR32_T.c:30:12: error: use of undeclared identifier 'char32_t'
  ('0' + ((SIZE / 1000)%10)),
           ^
/Users/cxw/Documents/Code/Work/PCTK/PCTK/cmake-build-debug/CMakeFiles/CMakeScratch/TryCompile-IJeXOE/CHAR32_T.c:27:22: note: expanded from macro 'SIZE'
#define SIZE (sizeof(char32_t))
                     ^
/Users/cxw/Documents/Code/Work/PCTK/PCTK/cmake-build-debug/CMakeFiles/CMakeScratch/TryCompile-IJeXOE/CHAR32_T.c:31:12: error: use of undeclared identifier 'char32_t'
  ('0' + ((SIZE / 100)%10)),
           ^
/Users/cxw/Documents/Code/Work/PCTK/PCTK/cmake-build-debug/CMakeFiles/CMakeScratch/TryCompile-IJeXOE/CHAR32_T.c:27:22: note: expanded from macro 'SIZE'
#define SIZE (sizeof(char32_t))
                     ^
/Users/cxw/Documents/Code/Work/PCTK/PCTK/cmake-build-debug/CMakeFiles/CMakeScratch/TryCompile-IJeXOE/CHAR32_T.c:32:12: error: use of undeclared identifier 'char32_t'
  ('0' + ((SIZE / 10)%10)),
           ^
/Users/cxw/Documents/Code/Work/PCTK/PCTK/cmake-build-debug/CMakeFiles/CMakeScratch/TryCompile-IJeXOE/CHAR32_T.c:27:22: note: expanded from macro 'SIZE'
#define SIZE (sizeof(char32_t))
                     ^
/Users/cxw/Documents/Code/Work/PCTK/PCTK/cmake-build-debug/CMakeFiles/CMakeScratch/TryCompile-IJeXOE/CHAR32_T.c:33:12: error: use of undeclared identifier 'char32_t'
  ('0' +  (SIZE    % 10)),
           ^
/Users/cxw/Documents/Code/Work/PCTK/PCTK/cmake-build-debug/CMakeFiles/CMakeScratch/TryCompile-IJeXOE/CHAR32_T.c:27:22: note: expanded from macro 'SIZE'
#define SIZE (sizeof(char32_t))
                     ^
5 errors generated.
ninja: build stopped: subcommand failed.


CHAR32_T.c:
#include <sys/types.h>
#include <stdint.h>
#include <stddef.h>


#undef KEY
#if defined(__i386)
# define KEY '_','_','i','3','8','6'
#elif defined(__x86_64)
# define KEY '_','_','x','8','6','_','6','4'
#elif defined(__PPC64__)
# define KEY '_','_','P','P','C','6','4','_','_'
#elif defined(__ppc64__)
# define KEY '_','_','p','p','c','6','4','_','_'
#elif defined(__PPC__)
# define KEY '_','_','P','P','C','_','_'
#elif defined(__ppc__)
# define KEY '_','_','p','p','c','_','_'
#elif defined(__aarch64__)
# define KEY '_','_','a','a','r','c','h','6','4','_','_'
#elif defined(__ARM_ARCH_7A__)
# define KEY '_','_','A','R','M','_','A','R','C','H','_','7','A','_','_'
#elif defined(__ARM_ARCH_7S__)
# define KEY '_','_','A','R','M','_','A','R','C','H','_','7','S','_','_'
#endif

#define SIZE (sizeof(char32_t))
static char info_size[] =  {'I', 'N', 'F', 'O', ':', 's','i','z','e','[',
  ('0' + ((SIZE / 10000)%10)),
  ('0' + ((SIZE / 1000)%10)),
  ('0' + ((SIZE / 100)%10)),
  ('0' + ((SIZE / 10)%10)),
  ('0' +  (SIZE    % 10)),
  ']',
#ifdef KEY
  ' ','k','e','y','[', KEY, ']',
#endif
  '\0'};

#ifdef __CLASSIC_C__
int main(argc, argv) int argc; char *argv[];
#else
int main(int argc, char *argv[])
#endif
{
  int require = 0;
  require += info_size[argc];
  (void)argv;
  return require;
}


Determining if the strcpy_s exist failed with the following output:
Change Dir: /Users/cxw/Documents/Code/Work/PCTK/PCTK/cmake-build-debug/CMakeFiles/CMakeScratch/TryCompile-j6lDiQ

Run Build Command(s):/Users/cxw/Library/Application Support/JetBrains/Toolbox/apps/CLion/ch-0/231.9011.31/CLion.app/Contents/bin/ninja/mac/ninja cmTC_a349f && [1/2] Building C object CMakeFiles/cmTC_a349f.dir/CheckSymbolExists.c.o
FAILED: CMakeFiles/cmTC_a349f.dir/CheckSymbolExists.c.o 
/Applications/Xcode.app/Contents/Developer/Toolchains/XcodeDefault.xctoolchain/usr/bin/cc   -isysroot /Applications/Xcode.app/Contents/Developer/Platforms/MacOSX.platform/Developer/SDKs/MacOSX13.3.sdk -mmacosx-version-min=13.0 -fPIE -fcolor-diagnostics -MD -MT CMakeFiles/cmTC_a349f.dir/CheckSymbolExists.c.o -MF CMakeFiles/cmTC_a349f.dir/CheckSymbolExists.c.o.d -o CMakeFiles/cmTC_a349f.dir/CheckSymbolExists.c.o -c /Users/cxw/Documents/Code/Work/PCTK/PCTK/cmake-build-debug/CMakeFiles/CMakeScratch/TryCompile-j6lDiQ/CheckSymbolExists.c
/Users/cxw/Documents/Code/Work/PCTK/PCTK/cmake-build-debug/CMakeFiles/CMakeScratch/TryCompile-j6lDiQ/CheckSymbolExists.c:8:19: error: use of undeclared identifier 'strcpy_s'; did you mean 'strcpy'?
  return ((int*)(&strcpy_s))[argc];
                  ^~~~~~~~
                  strcpy
/Applications/Xcode.app/Contents/Developer/Platforms/MacOSX.platform/Developer/SDKs/MacOSX13.3.sdk/usr/include/string.h:79:7: note: 'strcpy' declared here
char    *strcpy(char *__dst, const char *__src);
         ^
1 error generated.
ninja: build stopped: subcommand failed.


File CheckSymbolExists.c:
/* */
#include <string.h>

int main(int argc, char** argv)
{
  (void)argv;
#ifndef strcpy_s
  return ((int*)(&strcpy_s))[argc];
#else
  (void)argc;
  return 0;
#endif
}

Determining if the strncpy_s exist failed with the following output:
Change Dir: /Users/cxw/Documents/Code/Work/PCTK/PCTK/cmake-build-debug/CMakeFiles/CMakeScratch/TryCompile-R6BfjP

Run Build Command(s):/Users/cxw/Library/Application Support/JetBrains/Toolbox/apps/CLion/ch-0/231.9011.31/CLion.app/Contents/bin/ninja/mac/ninja cmTC_7c15d && [1/2] Building C object CMakeFiles/cmTC_7c15d.dir/CheckSymbolExists.c.o
FAILED: CMakeFiles/cmTC_7c15d.dir/CheckSymbolExists.c.o 
/Applications/Xcode.app/Contents/Developer/Toolchains/XcodeDefault.xctoolchain/usr/bin/cc   -isysroot /Applications/Xcode.app/Contents/Developer/Platforms/MacOSX.platform/Developer/SDKs/MacOSX13.3.sdk -mmacosx-version-min=13.0 -fPIE -fcolor-diagnostics -MD -MT CMakeFiles/cmTC_7c15d.dir/CheckSymbolExists.c.o -MF CMakeFiles/cmTC_7c15d.dir/CheckSymbolExists.c.o.d -o CMakeFiles/cmTC_7c15d.dir/CheckSymbolExists.c.o -c /Users/cxw/Documents/Code/Work/PCTK/PCTK/cmake-build-debug/CMakeFiles/CMakeScratch/TryCompile-R6BfjP/CheckSymbolExists.c
/Users/cxw/Documents/Code/Work/PCTK/PCTK/cmake-build-debug/CMakeFiles/CMakeScratch/TryCompile-R6BfjP/CheckSymbolExists.c:8:19: error: use of undeclared identifier 'strncpy_s'; did you mean 'strncpy'?
  return ((int*)(&strncpy_s))[argc];
                  ^~~~~~~~~
                  strncpy
/Applications/Xcode.app/Contents/Developer/Platforms/MacOSX.platform/Developer/SDKs/MacOSX13.3.sdk/usr/include/string.h:85:7: note: 'strncpy' declared here
char    *strncpy(char *__dst, const char *__src, size_t __n);
         ^
1 error generated.
ninja: build stopped: subcommand failed.


File CheckSymbolExists.c:
/* */
#include <string.h>

int main(int argc, char** argv)
{
  (void)argv;
#ifndef strncpy_s
  return ((int*)(&strncpy_s))[argc];
#else
  (void)argc;
  return 0;
#endif
}

Determining if the vprintf_s exist failed with the following output:
Change Dir: /Users/cxw/Documents/Code/Work/PCTK/PCTK/cmake-build-debug/CMakeFiles/CMakeScratch/TryCompile-cPSTgu

Run Build Command(s):/Users/cxw/Library/Application Support/JetBrains/Toolbox/apps/CLion/ch-0/231.9011.31/CLion.app/Contents/bin/ninja/mac/ninja cmTC_dbf39 && [1/2] Building C object CMakeFiles/cmTC_dbf39.dir/CheckSymbolExists.c.o
FAILED: CMakeFiles/cmTC_dbf39.dir/CheckSymbolExists.c.o 
/Applications/Xcode.app/Contents/Developer/Toolchains/XcodeDefault.xctoolchain/usr/bin/cc   -isysroot /Applications/Xcode.app/Contents/Developer/Platforms/MacOSX.platform/Developer/SDKs/MacOSX13.3.sdk -mmacosx-version-min=13.0 -fPIE -fcolor-diagnostics -MD -MT CMakeFiles/cmTC_dbf39.dir/CheckSymbolExists.c.o -MF CMakeFiles/cmTC_dbf39.dir/CheckSymbolExists.c.o.d -o CMakeFiles/cmTC_dbf39.dir/CheckSymbolExists.c.o -c /Users/cxw/Documents/Code/Work/PCTK/PCTK/cmake-build-debug/CMakeFiles/CMakeScratch/TryCompile-cPSTgu/CheckSymbolExists.c
/Users/cxw/Documents/Code/Work/PCTK/PCTK/cmake-build-debug/CMakeFiles/CMakeScratch/TryCompile-cPSTgu/CheckSymbolExists.c:8:19: error: use of undeclared identifier 'vprintf_s'; did you mean 'vprintf'?
  return ((int*)(&vprintf_s))[argc];
                  ^~~~~~~~~
                  vprintf
/Applications/Xcode.app/Contents/Developer/Platforms/MacOSX.platform/Developer/SDKs/MacOSX13.3.sdk/usr/include/stdio.h:203:6: note: 'vprintf' declared here
int      vprintf(const char * __restrict, va_list) __printflike(1, 0);
         ^
1 error generated.
ninja: build stopped: subcommand failed.


File CheckSymbolExists.c:
/* */
#include <stdio.h>

int main(int argc, char** argv)
{
  (void)argv;
#ifndef vprintf_s
  return ((int*)(&vprintf_s))[argc];
#else
  (void)argc;
  return 0;
#endif
}

Determining if the vfprintf_s exist failed with the following output:
Change Dir: /Users/cxw/Documents/Code/Work/PCTK/PCTK/cmake-build-debug/CMakeFiles/CMakeScratch/TryCompile-0hQOEU

Run Build Command(s):/Users/cxw/Library/Application Support/JetBrains/Toolbox/apps/CLion/ch-0/231.9011.31/CLion.app/Contents/bin/ninja/mac/ninja cmTC_3a230 && [1/2] Building C object CMakeFiles/cmTC_3a230.dir/CheckSymbolExists.c.o
FAILED: CMakeFiles/cmTC_3a230.dir/CheckSymbolExists.c.o 
/Applications/Xcode.app/Contents/Developer/Toolchains/XcodeDefault.xctoolchain/usr/bin/cc   -isysroot /Applications/Xcode.app/Contents/Developer/Platforms/MacOSX.platform/Developer/SDKs/MacOSX13.3.sdk -mmacosx-version-min=13.0 -fPIE -fcolor-diagnostics -MD -MT CMakeFiles/cmTC_3a230.dir/CheckSymbolExists.c.o -MF CMakeFiles/cmTC_3a230.dir/CheckSymbolExists.c.o.d -o CMakeFiles/cmTC_3a230.dir/CheckSymbolExists.c.o -c /Users/cxw/Documents/Code/Work/PCTK/PCTK/cmake-build-debug/CMakeFiles/CMakeScratch/TryCompile-0hQOEU/CheckSymbolExists.c
/Users/cxw/Documents/Code/Work/PCTK/PCTK/cmake-build-debug/CMakeFiles/CMakeScratch/TryCompile-0hQOEU/CheckSymbolExists.c:8:19: error: use of undeclared identifier 'vfprintf_s'; did you mean 'vfprintf'?
  return ((int*)(&vfprintf_s))[argc];
                  ^~~~~~~~~~
                  vfprintf
/Applications/Xcode.app/Contents/Developer/Platforms/MacOSX.platform/Developer/SDKs/MacOSX13.3.sdk/usr/include/stdio.h:202:6: note: 'vfprintf' declared here
int      vfprintf(FILE * __restrict, const char * __restrict, va_list) __printflike(2, 0);
         ^
1 error generated.
ninja: build stopped: subcommand failed.


File CheckSymbolExists.c:
/* */
#include <stdio.h>

int main(int argc, char** argv)
{
  (void)argv;
#ifndef vfprintf_s
  return ((int*)(&vfprintf_s))[argc];
#else
  (void)argc;
  return 0;
#endif
}

Determining if the vsprintf_s exist failed with the following output:
Change Dir: /Users/cxw/Documents/Code/Work/PCTK/PCTK/cmake-build-debug/CMakeFiles/CMakeScratch/TryCompile-GNX0Ni

Run Build Command(s):/Users/cxw/Library/Application Support/JetBrains/Toolbox/apps/CLion/ch-0/231.9011.31/CLion.app/Contents/bin/ninja/mac/ninja cmTC_14155 && [1/2] Building C object CMakeFiles/cmTC_14155.dir/CheckSymbolExists.c.o
FAILED: CMakeFiles/cmTC_14155.dir/CheckSymbolExists.c.o 
/Applications/Xcode.app/Contents/Developer/Toolchains/XcodeDefault.xctoolchain/usr/bin/cc   -isysroot /Applications/Xcode.app/Contents/Developer/Platforms/MacOSX.platform/Developer/SDKs/MacOSX13.3.sdk -mmacosx-version-min=13.0 -fPIE -fcolor-diagnostics -MD -MT CMakeFiles/cmTC_14155.dir/CheckSymbolExists.c.o -MF CMakeFiles/cmTC_14155.dir/CheckSymbolExists.c.o.d -o CMakeFiles/cmTC_14155.dir/CheckSymbolExists.c.o -c /Users/cxw/Documents/Code/Work/PCTK/PCTK/cmake-build-debug/CMakeFiles/CMakeScratch/TryCompile-GNX0Ni/CheckSymbolExists.c
/Users/cxw/Documents/Code/Work/PCTK/PCTK/cmake-build-debug/CMakeFiles/CMakeScratch/TryCompile-GNX0Ni/CheckSymbolExists.c:8:19: error: use of undeclared identifier 'vsprintf_s'; did you mean 'vsprintf'?
  return ((int*)(&vsprintf_s))[argc];
                  ^~~~~~~~~~
                  vsprintf
/Applications/Xcode.app/Contents/Developer/Platforms/MacOSX.platform/Developer/SDKs/MacOSX13.3.sdk/usr/include/stdio.h:209:6: note: 'vsprintf' declared here
int      vsprintf(char * __restrict, const char * __restrict, va_list) __printflike(2, 0);
         ^
1 error generated.
ninja: build stopped: subcommand failed.


File CheckSymbolExists.c:
/* */
#include <stdio.h>

int main(int argc, char** argv)
{
  (void)argv;
#ifndef vsprintf_s
  return ((int*)(&vsprintf_s))[argc];
#else
  (void)argc;
  return 0;
#endif
}

Determining if the vsnprintf_s exist failed with the following output:
Change Dir: /Users/cxw/Documents/Code/Work/PCTK/PCTK/cmake-build-debug/CMakeFiles/CMakeScratch/TryCompile-gaunkT

Run Build Command(s):/Users/cxw/Library/Application Support/JetBrains/Toolbox/apps/CLion/ch-0/231.9011.31/CLion.app/Contents/bin/ninja/mac/ninja cmTC_3481e && [1/2] Building C object CMakeFiles/cmTC_3481e.dir/CheckSymbolExists.c.o
FAILED: CMakeFiles/cmTC_3481e.dir/CheckSymbolExists.c.o 
/Applications/Xcode.app/Contents/Developer/Toolchains/XcodeDefault.xctoolchain/usr/bin/cc   -isysroot /Applications/Xcode.app/Contents/Developer/Platforms/MacOSX.platform/Developer/SDKs/MacOSX13.3.sdk -mmacosx-version-min=13.0 -fPIE -fcolor-diagnostics -MD -MT CMakeFiles/cmTC_3481e.dir/CheckSymbolExists.c.o -MF CMakeFiles/cmTC_3481e.dir/CheckSymbolExists.c.o.d -o CMakeFiles/cmTC_3481e.dir/CheckSymbolExists.c.o -c /Users/cxw/Documents/Code/Work/PCTK/PCTK/cmake-build-debug/CMakeFiles/CMakeScratch/TryCompile-gaunkT/CheckSymbolExists.c
/Users/cxw/Documents/Code/Work/PCTK/PCTK/cmake-build-debug/CMakeFiles/CMakeScratch/TryCompile-gaunkT/CheckSymbolExists.c:8:19: error: use of undeclared identifier 'vsnprintf_s'; did you mean 'vsnprintf'?
  return ((int*)(&vsnprintf_s))[argc];
                  ^~~~~~~~~~~
                  vsnprintf
/Applications/Xcode.app/Contents/Developer/Platforms/MacOSX.platform/Developer/SDKs/MacOSX13.3.sdk/usr/include/stdio.h:347:6: note: 'vsnprintf' declared here
int      vsnprintf(char * __restrict __str, size_t __size, const char * __restrict __format, va_list) __printflike(3, 0);
         ^
1 error generated.
ninja: build stopped: subcommand failed.


File CheckSymbolExists.c:
/* */
#include <stdio.h>

int main(int argc, char** argv)
{
  (void)argv;
#ifndef vsnprintf_s
  return ((int*)(&vsnprintf_s))[argc];
#else
  (void)argc;
  return 0;
#endif
}

Determining if the vasnprintf exist failed with the following output:
Change Dir: /Users/cxw/Documents/Code/Work/PCTK/PCTK/cmake-build-debug/CMakeFiles/CMakeScratch/TryCompile-18oR58

Run Build Command(s):/Users/cxw/Library/Application Support/JetBrains/Toolbox/apps/CLion/ch-0/231.9011.31/CLion.app/Contents/bin/ninja/mac/ninja cmTC_729cc && [1/2] Building C object CMakeFiles/cmTC_729cc.dir/CheckSymbolExists.c.o
FAILED: CMakeFiles/cmTC_729cc.dir/CheckSymbolExists.c.o 
/Applications/Xcode.app/Contents/Developer/Toolchains/XcodeDefault.xctoolchain/usr/bin/cc   -isysroot /Applications/Xcode.app/Contents/Developer/Platforms/MacOSX.platform/Developer/SDKs/MacOSX13.3.sdk -mmacosx-version-min=13.0 -fPIE -fcolor-diagnostics -MD -MT CMakeFiles/cmTC_729cc.dir/CheckSymbolExists.c.o -MF CMakeFiles/cmTC_729cc.dir/CheckSymbolExists.c.o.d -o CMakeFiles/cmTC_729cc.dir/CheckSymbolExists.c.o -c /Users/cxw/Documents/Code/Work/PCTK/PCTK/cmake-build-debug/CMakeFiles/CMakeScratch/TryCompile-18oR58/CheckSymbolExists.c
/Users/cxw/Documents/Code/Work/PCTK/PCTK/cmake-build-debug/CMakeFiles/CMakeScratch/TryCompile-18oR58/CheckSymbolExists.c:8:19: error: use of undeclared identifier 'vasnprintf'
  return ((int*)(&vasnprintf))[argc];
                  ^
1 error generated.
ninja: build stopped: subcommand failed.


File CheckSymbolExists.c:
/* */
#include <stdio.h>

int main(int argc, char** argv)
{
  (void)argv;
#ifndef vasnprintf
  return ((int*)(&vasnprintf))[argc];
#else
  (void)argc;
  return 0;
#endif
}

Determining if the accept4 exist failed with the following output:
Change Dir: /Users/cxw/Documents/Code/Work/PCTK/PCTK/cmake-build-debug/CMakeFiles/CMakeScratch/TryCompile-pexUTd

Run Build Command(s):/Users/cxw/Library/Application Support/JetBrains/Toolbox/apps/CLion/ch-0/231.9011.31/CLion.app/Contents/bin/ninja/mac/ninja cmTC_0a881 && [1/2] Building C object CMakeFiles/cmTC_0a881.dir/CheckSymbolExists.c.o
FAILED: CMakeFiles/cmTC_0a881.dir/CheckSymbolExists.c.o 
/Applications/Xcode.app/Contents/Developer/Toolchains/XcodeDefault.xctoolchain/usr/bin/cc   -isysroot /Applications/Xcode.app/Contents/Developer/Platforms/MacOSX.platform/Developer/SDKs/MacOSX13.3.sdk -mmacosx-version-min=13.0 -fPIE -fcolor-diagnostics -MD -MT CMakeFiles/cmTC_0a881.dir/CheckSymbolExists.c.o -MF CMakeFiles/cmTC_0a881.dir/CheckSymbolExists.c.o.d -o CMakeFiles/cmTC_0a881.dir/CheckSymbolExists.c.o -c /Users/cxw/Documents/Code/Work/PCTK/PCTK/cmake-build-debug/CMakeFiles/CMakeScratch/TryCompile-pexUTd/CheckSymbolExists.c
/Users/cxw/Documents/Code/Work/PCTK/PCTK/cmake-build-debug/CMakeFiles/CMakeScratch/TryCompile-pexUTd/CheckSymbolExists.c:8:19: error: use of undeclared identifier 'accept4'; did you mean 'accept'?
  return ((int*)(&accept4))[argc];
                  ^~~~~~~
                  accept
/Applications/Xcode.app/Contents/Developer/Platforms/MacOSX.platform/Developer/SDKs/MacOSX13.3.sdk/usr/include/sys/socket.h:724:9: note: 'accept' declared here
int     accept(int, struct sockaddr * __restrict, socklen_t * __restrict)
        ^
1 error generated.
ninja: build stopped: subcommand failed.


File CheckSymbolExists.c:
/* */
#include <sys/socket.h>

int main(int argc, char** argv)
{
  (void)argv;
#ifndef accept4
  return ((int*)(&accept4))[argc];
#else
  (void)argc;
  return 0;
#endif
}

Determining if the prlimit exist failed with the following output:
Change Dir: /Users/cxw/Documents/Code/Work/PCTK/PCTK/cmake-build-debug/CMakeFiles/CMakeScratch/TryCompile-juvf5o

Run Build Command(s):/Users/cxw/Library/Application Support/JetBrains/Toolbox/apps/CLion/ch-0/231.9011.31/CLion.app/Contents/bin/ninja/mac/ninja cmTC_2da43 && [1/2] Building C object CMakeFiles/cmTC_2da43.dir/CheckSymbolExists.c.o
FAILED: CMakeFiles/cmTC_2da43.dir/CheckSymbolExists.c.o 
/Applications/Xcode.app/Contents/Developer/Toolchains/XcodeDefault.xctoolchain/usr/bin/cc   -isysroot /Applications/Xcode.app/Contents/Developer/Platforms/MacOSX.platform/Developer/SDKs/MacOSX13.3.sdk -mmacosx-version-min=13.0 -fPIE -fcolor-diagnostics -MD -MT CMakeFiles/cmTC_2da43.dir/CheckSymbolExists.c.o -MF CMakeFiles/cmTC_2da43.dir/CheckSymbolExists.c.o.d -o CMakeFiles/cmTC_2da43.dir/CheckSymbolExists.c.o -c /Users/cxw/Documents/Code/Work/PCTK/PCTK/cmake-build-debug/CMakeFiles/CMakeScratch/TryCompile-juvf5o/CheckSymbolExists.c
/Users/cxw/Documents/Code/Work/PCTK/PCTK/cmake-build-debug/CMakeFiles/CMakeScratch/TryCompile-juvf5o/CheckSymbolExists.c:8:19: error: use of undeclared identifier 'prlimit'
  return ((int*)(&prlimit))[argc];
                  ^
1 error generated.
ninja: build stopped: subcommand failed.


File CheckSymbolExists.c:
/* */
#include <sys/resource.h>

int main(int argc, char** argv)
{
  (void)argv;
#ifndef prlimit
  return ((int*)(&prlimit))[argc];
#else
  (void)argc;
  return 0;
#endif
}

Determining if the _NSGetEnviron exist failed with the following output:
Change Dir: /Users/cxw/Documents/Code/Work/PCTK/PCTK/cmake-build-debug/CMakeFiles/CMakeScratch/TryCompile-rixmD2

Run Build Command(s):/Users/cxw/Library/Application Support/JetBrains/Toolbox/apps/CLion/ch-0/231.9011.31/CLion.app/Contents/bin/ninja/mac/ninja cmTC_0e3c0 && [1/2] Building C object CMakeFiles/cmTC_0e3c0.dir/CheckSymbolExists.c.o
FAILED: CMakeFiles/cmTC_0e3c0.dir/CheckSymbolExists.c.o 
/Applications/Xcode.app/Contents/Developer/Toolchains/XcodeDefault.xctoolchain/usr/bin/cc   -isysroot /Applications/Xcode.app/Contents/Developer/Platforms/MacOSX.platform/Developer/SDKs/MacOSX13.3.sdk -mmacosx-version-min=13.0 -fPIE -fcolor-diagnostics -MD -MT CMakeFiles/cmTC_0e3c0.dir/CheckSymbolExists.c.o -MF CMakeFiles/cmTC_0e3c0.dir/CheckSymbolExists.c.o.d -o CMakeFiles/cmTC_0e3c0.dir/CheckSymbolExists.c.o -c /Users/cxw/Documents/Code/Work/PCTK/PCTK/cmake-build-debug/CMakeFiles/CMakeScratch/TryCompile-rixmD2/CheckSymbolExists.c
/Users/cxw/Documents/Code/Work/PCTK/PCTK/cmake-build-debug/CMakeFiles/CMakeScratch/TryCompile-rixmD2/CheckSymbolExists.c:8:19: error: use of undeclared identifier '_NSGetEnviron'
  return ((int*)(&_NSGetEnviron))[argc];
                  ^
1 error generated.
ninja: build stopped: subcommand failed.


File CheckSymbolExists.c:
/* */
#include <stdlib.h>

int main(int argc, char** argv)
{
  (void)argv;
#ifndef _NSGetEnviron
  return ((int*)(&_NSGetEnviron))[argc];
#else
  (void)argc;
  return 0;
#endif
}

Determining if the SYS_sched_getattr exist failed with the following output:
Change Dir: /Users/cxw/Documents/Code/Work/PCTK/PCTK/cmake-build-debug/CMakeFiles/CMakeScratch/TryCompile-l6sYYb

Run Build Command(s):/Users/cxw/Library/Application Support/JetBrains/Toolbox/apps/CLion/ch-0/231.9011.31/CLion.app/Contents/bin/ninja/mac/ninja cmTC_6af7a && [1/2] Building C object CMakeFiles/cmTC_6af7a.dir/CheckSymbolExists.c.o
FAILED: CMakeFiles/cmTC_6af7a.dir/CheckSymbolExists.c.o 
/Applications/Xcode.app/Contents/Developer/Toolchains/XcodeDefault.xctoolchain/usr/bin/cc   -isysroot /Applications/Xcode.app/Contents/Developer/Platforms/MacOSX.platform/Developer/SDKs/MacOSX13.3.sdk -mmacosx-version-min=13.0 -fPIE -fcolor-diagnostics -MD -MT CMakeFiles/cmTC_6af7a.dir/CheckSymbolExists.c.o -MF CMakeFiles/cmTC_6af7a.dir/CheckSymbolExists.c.o.d -o CMakeFiles/cmTC_6af7a.dir/CheckSymbolExists.c.o -c /Users/cxw/Documents/Code/Work/PCTK/PCTK/cmake-build-debug/CMakeFiles/CMakeScratch/TryCompile-l6sYYb/CheckSymbolExists.c
/Users/cxw/Documents/Code/Work/PCTK/PCTK/cmake-build-debug/CMakeFiles/CMakeScratch/TryCompile-l6sYYb/CheckSymbolExists.c:8:19: error: use of undeclared identifier 'SYS_sched_getattr'
  return ((int*)(&SYS_sched_getattr))[argc];
                  ^
1 error generated.
ninja: build stopped: subcommand failed.


File CheckSymbolExists.c:
/* */
#include <sys/syscall.h>

int main(int argc, char** argv)
{
  (void)argv;
#ifndef SYS_sched_getattr
  return ((int*)(&SYS_sched_getattr))[argc];
#else
  (void)argc;
  return 0;
#endif
}

Determining if the memalign exist failed with the following output:
Change Dir: /Users/cxw/Documents/Code/Work/PCTK/PCTK/cmake-build-debug/CMakeFiles/CMakeScratch/TryCompile-Rvkdpl

Run Build Command(s):/Users/cxw/Library/Application Support/JetBrains/Toolbox/apps/CLion/ch-0/231.9011.31/CLion.app/Contents/bin/ninja/mac/ninja cmTC_c5d08 && [1/2] Building C object CMakeFiles/cmTC_c5d08.dir/CheckSymbolExists.c.o
FAILED: CMakeFiles/cmTC_c5d08.dir/CheckSymbolExists.c.o 
/Applications/Xcode.app/Contents/Developer/Toolchains/XcodeDefault.xctoolchain/usr/bin/cc   -isysroot /Applications/Xcode.app/Contents/Developer/Platforms/MacOSX.platform/Developer/SDKs/MacOSX13.3.sdk -mmacosx-version-min=13.0 -fPIE -fcolor-diagnostics -MD -MT CMakeFiles/cmTC_c5d08.dir/CheckSymbolExists.c.o -MF CMakeFiles/cmTC_c5d08.dir/CheckSymbolExists.c.o.d -o CMakeFiles/cmTC_c5d08.dir/CheckSymbolExists.c.o -c /Users/cxw/Documents/Code/Work/PCTK/PCTK/cmake-build-debug/CMakeFiles/CMakeScratch/TryCompile-Rvkdpl/CheckSymbolExists.c
/Users/cxw/Documents/Code/Work/PCTK/PCTK/cmake-build-debug/CMakeFiles/CMakeScratch/TryCompile-Rvkdpl/CheckSymbolExists.c:8:19: error: call to undeclared library function 'memalign' with type 'void *(unsigned long, unsigned long)'; ISO C99 and later do not support implicit function declarations [-Wimplicit-function-declaration]
  return ((int*)(&memalign))[argc];
                  ^
/Users/cxw/Documents/Code/Work/PCTK/PCTK/cmake-build-debug/CMakeFiles/CMakeScratch/TryCompile-Rvkdpl/CheckSymbolExists.c:8:19: note: include the header <malloc.h> or explicitly provide a declaration for 'memalign'
1 error generated.
ninja: build stopped: subcommand failed.


File CheckSymbolExists.c:
/* */
#include <stdlib.h>

int main(int argc, char** argv)
{
  (void)argv;
#ifndef memalign
  return ((int*)(&memalign))[argc];
#else
  (void)argc;
  return 0;
#endif
}

Determining if the pthread_condattr_setclock exist failed with the following output:
Change Dir: /Users/cxw/Documents/Code/Work/PCTK/PCTK/cmake-build-debug/CMakeFiles/CMakeScratch/TryCompile-hVj91W

Run Build Command(s):/Users/cxw/Library/Application Support/JetBrains/Toolbox/apps/CLion/ch-0/231.9011.31/CLion.app/Contents/bin/ninja/mac/ninja cmTC_f2f45 && [1/2] Building C object CMakeFiles/cmTC_f2f45.dir/CheckSymbolExists.c.o
FAILED: CMakeFiles/cmTC_f2f45.dir/CheckSymbolExists.c.o 
/Applications/Xcode.app/Contents/Developer/Toolchains/XcodeDefault.xctoolchain/usr/bin/cc   -isysroot /Applications/Xcode.app/Contents/Developer/Platforms/MacOSX.platform/Developer/SDKs/MacOSX13.3.sdk -mmacosx-version-min=13.0 -fPIE -fcolor-diagnostics -MD -MT CMakeFiles/cmTC_f2f45.dir/CheckSymbolExists.c.o -MF CMakeFiles/cmTC_f2f45.dir/CheckSymbolExists.c.o.d -o CMakeFiles/cmTC_f2f45.dir/CheckSymbolExists.c.o -c /Users/cxw/Documents/Code/Work/PCTK/PCTK/cmake-build-debug/CMakeFiles/CMakeScratch/TryCompile-hVj91W/CheckSymbolExists.c
/Users/cxw/Documents/Code/Work/PCTK/PCTK/cmake-build-debug/CMakeFiles/CMakeScratch/TryCompile-hVj91W/CheckSymbolExists.c:8:19: error: use of undeclared identifier 'pthread_condattr_setclock'; did you mean 'pthread_condattr_destroy'?
  return ((int*)(&pthread_condattr_setclock))[argc];
                  ^~~~~~~~~~~~~~~~~~~~~~~~~
                  pthread_condattr_destroy
/Applications/Xcode.app/Contents/Developer/Platforms/MacOSX.platform/Developer/SDKs/MacOSX13.3.sdk/usr/include/pthread.h:324:5: note: 'pthread_condattr_destroy' declared here
int pthread_condattr_destroy(pthread_condattr_t *);
    ^
1 error generated.
ninja: build stopped: subcommand failed.


File CheckSymbolExists.c:
/* */
#include <pthread.h>

int main(int argc, char** argv)
{
  (void)argv;
#ifndef pthread_condattr_setclock
  return ((int*)(&pthread_condattr_setclock))[argc];
#else
  (void)argc;
  return 0;
#endif
}

Determining if the include file sys/prctl.h exists failed with the following output:
Change Dir: /Users/cxw/Documents/Code/Work/PCTK/PCTK/cmake-build-debug/CMakeFiles/CMakeScratch/TryCompile-mbcQB0

Run Build Command(s):/Users/cxw/Library/Application Support/JetBrains/Toolbox/apps/CLion/ch-0/231.9011.31/CLion.app/Contents/bin/ninja/mac/ninja cmTC_6c2be && [1/2] Building C object CMakeFiles/cmTC_6c2be.dir/CheckIncludeFile.c.o
FAILED: CMakeFiles/cmTC_6c2be.dir/CheckIncludeFile.c.o 
/Applications/Xcode.app/Contents/Developer/Toolchains/XcodeDefault.xctoolchain/usr/bin/cc   -isysroot /Applications/Xcode.app/Contents/Developer/Platforms/MacOSX.platform/Developer/SDKs/MacOSX13.3.sdk -mmacosx-version-min=13.0 -fPIE -fcolor-diagnostics -MD -MT CMakeFiles/cmTC_6c2be.dir/CheckIncludeFile.c.o -MF CMakeFiles/cmTC_6c2be.dir/CheckIncludeFile.c.o.d -o CMakeFiles/cmTC_6c2be.dir/CheckIncludeFile.c.o -c /Users/cxw/Documents/Code/Work/PCTK/PCTK/cmake-build-debug/CMakeFiles/CMakeScratch/TryCompile-mbcQB0/CheckIncludeFile.c
/Users/cxw/Documents/Code/Work/PCTK/PCTK/cmake-build-debug/CMakeFiles/CMakeScratch/TryCompile-mbcQB0/CheckIncludeFile.c:1:10: fatal error: 'sys/prctl.h' file not found
#include <sys/prctl.h>
         ^~~~~~~~~~~~~
1 error generated.
ninja: build stopped: subcommand failed.



Performing C++ SOURCE FILE Test HAVE_INT64_IS_LONG_TYPE failed with the following output:
Change Dir: /Users/cxw/Documents/Code/Work/PCTK/PCTK/cmake-build-debug/CMakeFiles/CMakeScratch/TryCompile-aBwZmw

Run Build Command(s):/Users/cxw/Library/Application Support/JetBrains/Toolbox/apps/CLion/ch-0/231.9011.31/CLion.app/Contents/bin/ninja/mac/ninja cmTC_6039e && [1/2] Building CXX object CMakeFiles/cmTC_6039e.dir/src.cxx.o
FAILED: CMakeFiles/cmTC_6039e.dir/src.cxx.o 
/Applications/Xcode.app/Contents/Developer/Toolchains/XcodeDefault.xctoolchain/usr/bin/c++ -DHAVE_INT64_IS_LONG_TYPE  -Werror -isysroot /Applications/Xcode.app/Contents/Developer/Platforms/MacOSX.platform/Developer/SDKs/MacOSX13.3.sdk -mmacosx-version-min=13.0 -fPIE -fcolor-diagnostics -MD -MT CMakeFiles/cmTC_6039e.dir/src.cxx.o -MF CMakeFiles/cmTC_6039e.dir/src.cxx.o.d -o CMakeFiles/cmTC_6039e.dir/src.cxx.o -c /Users/cxw/Documents/Code/Work/PCTK/PCTK/cmake-build-debug/CMakeFiles/CMakeScratch/TryCompile-aBwZmw/src.cxx
/Users/cxw/Documents/Code/Work/PCTK/PCTK/cmake-build-debug/CMakeFiles/CMakeScratch/TryCompile-aBwZmw/src.cxx:10:16: error: cannot initialize a variable of type 'long *' with an rvalue of type 'int64_t *' (aka 'long long *')
         long *i2 = &i1;
               ^    ~~~
1 error generated.
ninja: build stopped: subcommand failed.


Source file was:
 #if defined(_AIX) && !defined(__GNUC__)
         #pragma options langlvl=stdc99
         #endif
         #pragma GCC diagnostic error "-Wincompatible-pointer-types"
         #include <stdint.h>
         #include <stdio.h>
         int main(void)
         {
         int64_t i1 = 1;
         long *i2 = &i1;
         return 0;
         }

Performing C++ SOURCE FILE Test HAVE_SIZET_IS_SHORT_TYPE failed with the following output:
Change Dir: /Users/cxw/Documents/Code/Work/PCTK/PCTK/cmake-build-debug/CMakeFiles/CMakeScratch/TryCompile-hCrya4

Run Build Command(s):/Users/cxw/Library/Application Support/JetBrains/Toolbox/apps/CLion/ch-0/231.9011.31/CLion.app/Contents/bin/ninja/mac/ninja cmTC_413fb && [1/2] Building CXX object CMakeFiles/cmTC_413fb.dir/src.cxx.o
FAILED: CMakeFiles/cmTC_413fb.dir/src.cxx.o 
/Applications/Xcode.app/Contents/Developer/Toolchains/XcodeDefault.xctoolchain/usr/bin/c++ -DHAVE_SIZET_IS_SHORT_TYPE  -Werror -isysroot /Applications/Xcode.app/Contents/Developer/Platforms/MacOSX.platform/Developer/SDKs/MacOSX13.3.sdk -mmacosx-version-min=13.0 -fPIE -fcolor-diagnostics -MD -MT CMakeFiles/cmTC_413fb.dir/src.cxx.o -MF CMakeFiles/cmTC_413fb.dir/src.cxx.o.d -o CMakeFiles/cmTC_413fb.dir/src.cxx.o -c /Users/cxw/Documents/Code/Work/PCTK/PCTK/cmake-build-debug/CMakeFiles/CMakeScratch/TryCompile-hCrya4/src.cxx
/Users/cxw/Documents/Code/Work/PCTK/PCTK/cmake-build-debug/CMakeFiles/CMakeScratch/TryCompile-hCrya4/src.cxx:6:10: error: no matching function for call to 'f'
         f (&i);
         ^
/Users/cxw/Documents/Code/Work/PCTK/PCTK/cmake-build-debug/CMakeFiles/CMakeScratch/TryCompile-hCrya4/src.cxx:2:17: note: candidate function not viable: no known conversion from 'unsigned short *' to 'size_t *' (aka 'unsigned long *') for 1st argument
         size_t f (size_t *i) { return *i + 1; }
                ^
1 error generated.
ninja: build stopped: subcommand failed.


Source file was:
 #include <stddef.h>
         size_t f (size_t *i) { return *i + 1; }
         int main(void)
         {
         unsigned short i = 0;
         f (&i);
         return 0;
         }

Performing C++ SOURCE FILE Test HAVE_SIZET_IS_INT_TYPE failed with the following output:
Change Dir: /Users/cxw/Documents/Code/Work/PCTK/PCTK/cmake-build-debug/CMakeFiles/CMakeScratch/TryCompile-dEFXnN

Run Build Command(s):/Users/cxw/Library/Application Support/JetBrains/Toolbox/apps/CLion/ch-0/231.9011.31/CLion.app/Contents/bin/ninja/mac/ninja cmTC_00150 && [1/2] Building CXX object CMakeFiles/cmTC_00150.dir/src.cxx.o
FAILED: CMakeFiles/cmTC_00150.dir/src.cxx.o 
/Applications/Xcode.app/Contents/Developer/Toolchains/XcodeDefault.xctoolchain/usr/bin/c++ -DHAVE_SIZET_IS_INT_TYPE  -Werror -isysroot /Applications/Xcode.app/Contents/Developer/Platforms/MacOSX.platform/Developer/SDKs/MacOSX13.3.sdk -mmacosx-version-min=13.0 -fPIE -fcolor-diagnostics -MD -MT CMakeFiles/cmTC_00150.dir/src.cxx.o -MF CMakeFiles/cmTC_00150.dir/src.cxx.o.d -o CMakeFiles/cmTC_00150.dir/src.cxx.o -c /Users/cxw/Documents/Code/Work/PCTK/PCTK/cmake-build-debug/CMakeFiles/CMakeScratch/TryCompile-dEFXnN/src.cxx
/Users/cxw/Documents/Code/Work/PCTK/PCTK/cmake-build-debug/CMakeFiles/CMakeScratch/TryCompile-dEFXnN/src.cxx:6:10: error: no matching function for call to 'f'
         f (&i);
         ^
/Users/cxw/Documents/Code/Work/PCTK/PCTK/cmake-build-debug/CMakeFiles/CMakeScratch/TryCompile-dEFXnN/src.cxx:2:17: note: candidate function not viable: no known conversion from 'unsigned int *' to 'size_t *' (aka 'unsigned long *') for 1st argument
         size_t f (size_t *i) { return *i + 1; }
                ^
1 error generated.
ninja: build stopped: subcommand failed.


Source file was:
 #include <stddef.h>
         size_t f (size_t *i) { return *i + 1; }
         int main(void)
         {
         unsigned int i = 0;
         f (&i);
         return 0;
         }

Performing C++ SOURCE FILE Test HAVE_SIZET_IS_LONG_LONG_TYPE failed with the following output:
Change Dir: /Users/cxw/Documents/Code/Work/PCTK/PCTK/cmake-build-debug/CMakeFiles/CMakeScratch/TryCompile-2JKiiH

Run Build Command(s):/Users/cxw/Library/Application Support/JetBrains/Toolbox/apps/CLion/ch-0/231.9011.31/CLion.app/Contents/bin/ninja/mac/ninja cmTC_530f2 && [1/2] Building CXX object CMakeFiles/cmTC_530f2.dir/src.cxx.o
FAILED: CMakeFiles/cmTC_530f2.dir/src.cxx.o 
/Applications/Xcode.app/Contents/Developer/Toolchains/XcodeDefault.xctoolchain/usr/bin/c++ -DHAVE_SIZET_IS_LONG_LONG_TYPE  -Werror -isysroot /Applications/Xcode.app/Contents/Developer/Platforms/MacOSX.platform/Developer/SDKs/MacOSX13.3.sdk -mmacosx-version-min=13.0 -fPIE -fcolor-diagnostics -MD -MT CMakeFiles/cmTC_530f2.dir/src.cxx.o -MF CMakeFiles/cmTC_530f2.dir/src.cxx.o.d -o CMakeFiles/cmTC_530f2.dir/src.cxx.o -c /Users/cxw/Documents/Code/Work/PCTK/PCTK/cmake-build-debug/CMakeFiles/CMakeScratch/TryCompile-2JKiiH/src.cxx
/Users/cxw/Documents/Code/Work/PCTK/PCTK/cmake-build-debug/CMakeFiles/CMakeScratch/TryCompile-2JKiiH/src.cxx:6:10: error: no matching function for call to 'f'
         f (&i);
         ^
/Users/cxw/Documents/Code/Work/PCTK/PCTK/cmake-build-debug/CMakeFiles/CMakeScratch/TryCompile-2JKiiH/src.cxx:2:17: note: candidate function not viable: no known conversion from 'unsigned long long *' to 'size_t *' (aka 'unsigned long *') for 1st argument
         size_t f (size_t *i) { return *i + 1; }
                ^
1 error generated.
ninja: build stopped: subcommand failed.


Source file was:
 #include <stddef.h>
         size_t f (size_t *i) { return *i + 1; }
         int main(void)
         {
         unsigned long long i = 0;
         f (&i);
         return 0;
         }

Performing C++ SOURCE FILE Test HAVE_COCOA failed with the following output:
Change Dir: /Users/cxw/Documents/Code/Work/PCTK/PCTK/cmake-build-debug/CMakeFiles/CMakeScratch/TryCompile-w4eg9b

Run Build Command(s):/Users/cxw/Library/Application Support/JetBrains/Toolbox/apps/CLion/ch-0/231.9011.31/CLion.app/Contents/bin/ninja/mac/ninja cmTC_43de5 && [1/2] Building CXX object CMakeFiles/cmTC_43de5.dir/src.cxx.o
FAILED: CMakeFiles/cmTC_43de5.dir/src.cxx.o 
/Applications/Xcode.app/Contents/Developer/Toolchains/XcodeDefault.xctoolchain/usr/bin/c++ -DHAVE_COCOA  -isysroot /Applications/Xcode.app/Contents/Developer/Platforms/MacOSX.platform/Developer/SDKs/MacOSX13.3.sdk -mmacosx-version-min=13.0 -fPIE -fcolor-diagnostics -MD -MT CMakeFiles/cmTC_43de5.dir/src.cxx.o -MF CMakeFiles/cmTC_43de5.dir/src.cxx.o.d -o CMakeFiles/cmTC_43de5.dir/src.cxx.o -c /Users/cxw/Documents/Code/Work/PCTK/PCTK/cmake-build-debug/CMakeFiles/CMakeScratch/TryCompile-w4eg9b/src.cxx
In file included from /Users/cxw/Documents/Code/Work/PCTK/PCTK/cmake-build-debug/CMakeFiles/CMakeScratch/TryCompile-w4eg9b/src.cxx:1:
In file included from /Applications/Xcode.app/Contents/Developer/Platforms/MacOSX.platform/Developer/SDKs/MacOSX13.3.sdk/System/Library/Frameworks/Cocoa.framework/Headers/Cocoa.h:12:
In file included from /Applications/Xcode.app/Contents/Developer/Platforms/MacOSX.platform/Developer/SDKs/MacOSX13.3.sdk/System/Library/Frameworks/Foundation.framework/Headers/Foundation.h:8:
/Applications/Xcode.app/Contents/Developer/Platforms/MacOSX.platform/Developer/SDKs/MacOSX13.3.sdk/System/Library/Frameworks/Foundation.framework/Headers/NSObjCRuntime.h:601:1: error: expected unqualified-id
@class NSString, Protocol;
^
/Applications/Xcode.app/Contents/Developer/Platforms/MacOSX.platform/Developer/SDKs/MacOSX13.3.sdk/System/Library/Frameworks/Foundation.framework/Headers/NSObjCRuntime.h:603:9: error: unknown type name 'NSString'
typedef NSString * NSExceptionName NS_TYPED_EXTENSIBLE_ENUM;
        ^
/Applications/Xcode.app/Contents/Developer/Platforms/MacOSX.platform/Developer/SDKs/MacOSX13.3.sdk/System/Library/Frameworks/Foundation.framework/Headers/NSObjCRuntime.h:604:9: error: unknown type name 'NSString'
typedef NSString * NSRunLoopMode NS_TYPED_EXTENSIBLE_ENUM;
        ^
/Applications/Xcode.app/Contents/Developer/Platforms/MacOSX.platform/Developer/SDKs/MacOSX13.3.sdk/System/Library/Frameworks/Foundation.framework/Headers/NSObjCRuntime.h:606:19: error: unknown type name 'NSString'
FOUNDATION_EXPORT NSString *NSStringFromSelector(SEL aSelector);
                  ^
/Applications/Xcode.app/Contents/Developer/Platforms/MacOSX.platform/Developer/SDKs/MacOSX13.3.sdk/System/Library/Frameworks/Foundation.framework/Headers/NSObjCRuntime.h:607:44: error: unknown type name 'NSString'
FOUNDATION_EXPORT SEL NSSelectorFromString(NSString *aSelectorName);
                                           ^
/Applications/Xcode.app/Contents/Developer/Platforms/MacOSX.platform/Developer/SDKs/MacOSX13.3.sdk/System/Library/Frameworks/Foundation.framework/Headers/NSObjCRuntime.h:609:19: error: unknown type name 'NSString'
FOUNDATION_EXPORT NSString *NSStringFromClass(Class aClass);
                  ^
/Applications/Xcode.app/Contents/Developer/Platforms/MacOSX.platform/Developer/SDKs/MacOSX13.3.sdk/System/Library/Frameworks/Foundation.framework/Headers/NSObjCRuntime.h:610:53: error: unknown type name 'NSString'
FOUNDATION_EXPORT Class _Nullable NSClassFromString(NSString *aClassName);
                                                    ^
/Applications/Xcode.app/Contents/Developer/Platforms/MacOSX.platform/Developer/SDKs/MacOSX13.3.sdk/System/Library/Frameworks/Foundation.framework/Headers/NSObjCRuntime.h:612:19: error: unknown type name 'NSString'
FOUNDATION_EXPORT NSString *NSStringFromProtocol(Protocol *proto) API_AVAILABLE(macos(10.5), ios(2.0), watchos(2.0), tvos(9.0));
                  ^
/Applications/Xcode.app/Contents/Developer/Platforms/MacOSX.platform/Developer/SDKs/MacOSX13.3.sdk/System/Library/Frameworks/Foundation.framework/Headers/NSObjCRuntime.h:612:50: error: unknown type name 'Protocol'
FOUNDATION_EXPORT NSString *NSStringFromProtocol(Protocol *proto) API_AVAILABLE(macos(10.5), ios(2.0), watchos(2.0), tvos(9.0));
                                                 ^
/Applications/Xcode.app/Contents/Developer/Platforms/MacOSX.platform/Developer/SDKs/MacOSX13.3.sdk/System/Library/Frameworks/Foundation.framework/Headers/NSObjCRuntime.h:613:19: error: unknown type name 'Protocol'
FOUNDATION_EXPORT Protocol * _Nullable NSProtocolFromString(NSString *namestr) API_AVAILABLE(macos(10.5), ios(2.0), watchos(2.0), tvos(9.0));
                  ^
/Applications/Xcode.app/Contents/Developer/Platforms/MacOSX.platform/Developer/SDKs/MacOSX13.3.sdk/System/Library/Frameworks/Foundation.framework/Headers/NSObjCRuntime.h:613:61: error: unknown type name 'NSString'
FOUNDATION_EXPORT Protocol * _Nullable NSProtocolFromString(NSString *namestr) API_AVAILABLE(macos(10.5), ios(2.0), watchos(2.0), tvos(9.0));
                                                            ^
/Applications/Xcode.app/Contents/Developer/Platforms/MacOSX.platform/Developer/SDKs/MacOSX13.3.sdk/System/Library/Frameworks/Foundation.framework/Headers/NSObjCRuntime.h:617:30: error: unknown type name 'NSString'
FOUNDATION_EXPORT void NSLog(NSString *format, ...) NS_FORMAT_FUNCTION(1,2) NS_NO_TAIL_CALL;
                             ^
/Applications/Xcode.app/Contents/Developer/Platforms/MacOSX.platform/Developer/SDKs/MacOSX13.3.sdk/System/Library/Frameworks/Foundation.framework/Headers/NSObjCRuntime.h:617:53: error: format argument not a string type
FOUNDATION_EXPORT void NSLog(NSString *format, ...) NS_FORMAT_FUNCTION(1,2) NS_NO_TAIL_CALL;
                             ~~~~~~~~~~~~~~~~       ^                  ~
/Applications/Xcode.app/Contents/Developer/Platforms/MacOSX.platform/Developer/SDKs/MacOSX13.3.sdk/System/Library/Frameworks/Foundation.framework/Headers/NSObjCRuntime.h:94:49: note: expanded from macro 'NS_FORMAT_FUNCTION'
        #define NS_FORMAT_FUNCTION(F,A) __attribute__((format(__NSString__, F, A)))
                                                       ^                    ~
/Applications/Xcode.app/Contents/Developer/Platforms/MacOSX.platform/Developer/SDKs/MacOSX13.3.sdk/System/Library/Frameworks/Foundation.framework/Headers/NSObjCRuntime.h:618:31: error: unknown type name 'NSString'
FOUNDATION_EXPORT void NSLogv(NSString *format, va_list args) NS_FORMAT_FUNCTION(1,0) NS_NO_TAIL_CALL;
                              ^
/Applications/Xcode.app/Contents/Developer/Platforms/MacOSX.platform/Developer/SDKs/MacOSX13.3.sdk/System/Library/Frameworks/Foundation.framework/Headers/NSObjCRuntime.h:618:63: error: format argument not a string type
FOUNDATION_EXPORT void NSLogv(NSString *format, va_list args) NS_FORMAT_FUNCTION(1,0) NS_NO_TAIL_CALL;
                              ~~~~~~~~~~~~~~~~                ^                  ~
/Applications/Xcode.app/Contents/Developer/Platforms/MacOSX.platform/Developer/SDKs/MacOSX13.3.sdk/System/Library/Frameworks/Foundation.framework/Headers/NSObjCRuntime.h:94:49: note: expanded from macro 'NS_FORMAT_FUNCTION'
        #define NS_FORMAT_FUNCTION(F,A) __attribute__((format(__NSString__, F, A)))
                                                       ^                    ~
In file included from /Users/cxw/Documents/Code/Work/PCTK/PCTK/cmake-build-debug/CMakeFiles/CMakeScratch/TryCompile-w4eg9b/src.cxx:1:
In file included from /Applications/Xcode.app/Contents/Developer/Platforms/MacOSX.platform/Developer/SDKs/MacOSX13.3.sdk/System/Library/Frameworks/Cocoa.framework/Headers/Cocoa.h:12:
In file included from /Applications/Xcode.app/Contents/Developer/Platforms/MacOSX.platform/Developer/SDKs/MacOSX13.3.sdk/System/Library/Frameworks/Foundation.framework/Headers/Foundation.h:10:
In file included from /Applications/Xcode.app/Contents/Developer/Platforms/MacOSX.platform/Developer/SDKs/MacOSX13.3.sdk/System/Library/Frameworks/Foundation.framework/Headers/NSArray.h:5:
In file included from /Applications/Xcode.app/Contents/Developer/Platforms/MacOSX.platform/Developer/SDKs/MacOSX13.3.sdk/System/Library/Frameworks/Foundation.framework/Headers/NSObject.h:8:
/Applications/Xcode.app/Contents/Developer/Platforms/MacOSX.platform/Developer/SDKs/MacOSX13.3.sdk/System/Library/Frameworks/Foundation.framework/Headers/NSZone.h:9:1: error: expected unqualified-id
@class NSString;
^
/Applications/Xcode.app/Contents/Developer/Platforms/MacOSX.platform/Developer/SDKs/MacOSX13.3.sdk/System/Library/Frameworks/Foundation.framework/Headers/NSZone.h:19:63: error: unknown type name 'NSString'
FOUNDATION_EXPORT void NSSetZoneName(NSZone * _Nullable zone, NSString *name)NS_SWIFT_UNAVAILABLE("Zone-based memory management is unavailable");
                                                              ^
/Applications/Xcode.app/Contents/Developer/Platforms/MacOSX.platform/Developer/SDKs/MacOSX13.3.sdk/System/Library/Frameworks/Foundation.framework/Headers/NSZone.h:20:19: error: unknown type name 'NSString'
FOUNDATION_EXPORT NSString *NSZoneName(NSZone * _Nullable zone) NS_SWIFT_UNAVAILABLE("Zone-based memory management is unavailable");
                  ^
In file included from /Users/cxw/Documents/Code/Work/PCTK/PCTK/cmake-build-debug/CMakeFiles/CMakeScratch/TryCompile-w4eg9b/src.cxx:1:
In file included from /Applications/Xcode.app/Contents/Developer/Platforms/MacOSX.platform/Developer/SDKs/MacOSX13.3.sdk/System/Library/Frameworks/Cocoa.framework/Headers/Cocoa.h:12:
In file included from /Applications/Xcode.app/Contents/Developer/Platforms/MacOSX.platform/Developer/SDKs/MacOSX13.3.sdk/System/Library/Frameworks/Foundation.framework/Headers/Foundation.h:10:
In file included from /Applications/Xcode.app/Contents/Developer/Platforms/MacOSX.platform/Developer/SDKs/MacOSX13.3.sdk/System/Library/Frameworks/Foundation.framework/Headers/NSArray.h:5:
/Applications/Xcode.app/Contents/Developer/Platforms/MacOSX.platform/Developer/SDKs/MacOSX13.3.sdk/System/Library/Frameworks/Foundation.framework/Headers/NSObject.h:10:1: error: expected unqualified-id
@class NSInvocation, NSMethodSignature, NSCoder, NSString, NSEnumerator;
^
fatal error: too many errors emitted, stopping now [-ferror-limit=]
20 errors generated.
ninja: build stopped: subcommand failed.


Source file was:
 #include <Cocoa/Cocoa.h>
         #ifdef GNUSTEP_BASE_VERSION
         #   error "Detected GNUstep, not Cocoa"
         #endif
         int main(void)
         {
         return 0;
         }

Performing C++ SOURCE FILE Test HAVE_LANGINFO_TIME_CODESET failed with the following output:
Change Dir: /Users/cxw/Documents/Code/Work/PCTK/PCTK/cmake-build-debug/CMakeFiles/CMakeScratch/TryCompile-teIwW4

Run Build Command(s):/Users/cxw/Library/Application Support/JetBrains/Toolbox/apps/CLion/ch-0/231.9011.31/CLion.app/Contents/bin/ninja/mac/ninja cmTC_01904 && [1/2] Building CXX object CMakeFiles/cmTC_01904.dir/src.cxx.o
FAILED: CMakeFiles/cmTC_01904.dir/src.cxx.o 
/Applications/Xcode.app/Contents/Developer/Toolchains/XcodeDefault.xctoolchain/usr/bin/c++ -DHAVE_LANGINFO_TIME_CODESET  -isysroot /Applications/Xcode.app/Contents/Developer/Platforms/MacOSX.platform/Developer/SDKs/MacOSX13.3.sdk -mmacosx-version-min=13.0 -fPIE -fcolor-diagnostics -MD -MT CMakeFiles/cmTC_01904.dir/src.cxx.o -MF CMakeFiles/cmTC_01904.dir/src.cxx.o.d -o CMakeFiles/cmTC_01904.dir/src.cxx.o -c /Users/cxw/Documents/Code/Work/PCTK/PCTK/cmake-build-debug/CMakeFiles/CMakeScratch/TryCompile-teIwW4/src.cxx
/Users/cxw/Documents/Code/Work/PCTK/PCTK/cmake-build-debug/CMakeFiles/CMakeScratch/TryCompile-teIwW4/src.cxx:4:38: error: use of undeclared identifier '_NL_TIME_CODESET'
         char *codeset = nl_langinfo(_NL_TIME_CODESET);
                                     ^
1 error generated.
ninja: build stopped: subcommand failed.


Source file was:
 #include <langinfo.h>
         int main(void)
         {
         char *codeset = nl_langinfo(_NL_TIME_CODESET);
         return 0;
         }

